TN:
SF:src/api.js
FN:8,(anonymous_0)
FN:18,(anonymous_1)
FN:25,(anonymous_2)
FN:28,(anonymous_3)
FN:28,(anonymous_4)
FN:31,(anonymous_5)
FN:34,(anonymous_6)
FNF:7
FNH:7
FNDA:2,(anonymous_0)
FNDA:4,(anonymous_1)
FNDA:2,(anonymous_2)
FNDA:2,(anonymous_3)
FNDA:2,(anonymous_4)
FNDA:2,(anonymous_5)
FNDA:1,(anonymous_6)
DA:1,2
DA:2,2
DA:3,2
DA:5,2
DA:9,2
DA:10,0
DA:12,2
DA:13,0
DA:15,2
DA:19,4
DA:20,0
DA:22,4
DA:26,2
DA:28,2
DA:32,2
DA:34,1
LF:16
LH:13
BRDA:9,0,0,0
BRDA:9,0,1,2
BRDA:9,1,0,2
BRDA:9,1,1,2
BRDA:12,2,0,0
BRDA:12,2,1,2
BRDA:19,3,0,0
BRDA:19,3,1,4
BRF:8
BRH:5
end_of_record
TN:
SF:src/product.js
FN:2,(anonymous_0)
FNF:1
FNH:1
FNDA:6,(anonymous_0)
DA:3,6
DA:4,0
DA:6,6
DA:7,6
DA:8,6
DA:9,6
DA:10,6
DA:11,6
DA:12,6
DA:13,6
LF:10
LH:9
BRDA:3,0,0,0
BRDA:3,0,1,6
BRDA:3,1,0,6
BRDA:3,1,1,6
BRDA:3,1,2,6
BRDA:3,1,3,6
BRDA:3,1,4,6
BRDA:3,1,5,6
BRDA:3,1,6,6
BRDA:3,1,7,6
BRF:10
BRH:9
end_of_record
TN:
SF:test/config.js
FNF:0
FNH:0
DA:1,2
DA:2,2
LF:2
LH:2
BRF:0
BRH:0
end_of_record
TN:
SF:test/mountebank.js
FN:6,(anonymous_0)
FN:12,(anonymous_1)
FN:16,(anonymous_2)
FNF:3
FNH:3
FNDA:3,(anonymous_0)
FNDA:1,(anonymous_1)
FNDA:1,(anonymous_2)
DA:6,1
DA:7,3
DA:9,3
DA:12,1
DA:13,1
DA:16,1
DA:17,1
DA:19,1
LF:8
LH:8
BRF:0
BRH:0
end_of_record
TN:
SF:test/mountebankSerialiser.js
FN:28,(anonymous_0)
FN:31,(anonymous_1)
FN:32,(anonymous_2)
FN:55,(anonymous_3)
FN:58,(anonymous_4)
FN:69,(anonymous_5)
FN:76,(anonymous_6)
FN:84,(anonymous_7)
FNF:8
FNH:8
FNDA:3,(anonymous_0)
FNDA:7,(anonymous_1)
FNDA:4,(anonymous_2)
FNDA:3,(anonymous_3)
FNDA:7,(anonymous_4)
FNDA:3,(anonymous_5)
FNDA:3,(anonymous_6)
FNDA:3,(anonymous_7)
DA:3,1
DA:4,1
DA:6,1
DA:10,1
DA:12,1
DA:28,1
DA:29,3
DA:31,3
DA:32,7
DA:50,3
DA:52,3
DA:55,1
DA:56,3
DA:58,3
DA:59,7
DA:60,7
DA:62,7
DA:66,3
DA:69,1
DA:70,3
DA:71,3
DA:73,3
DA:76,1
DA:77,3
DA:78,3
DA:84,1
DA:85,3
DA:87,3
DA:88,3
DA:89,2
DA:91,1
DA:94,3
LF:32
LH:32
BRDA:7,0,0,1
BRDA:7,0,1,1
BRDA:14,1,0,1
BRDA:14,1,1,1
BRDA:32,2,0,7
BRDA:32,2,1,3
BRDA:37,3,0,0
BRDA:37,3,1,4
BRDA:38,4,0,4
BRDA:38,4,1,0
BRDA:44,5,0,3
BRDA:44,5,1,1
BRDA:59,6,0,6
BRDA:59,6,1,1
BRF:14
BRH:12
end_of_record
