<?xml version="1.0" encoding="UTF-8"?>
<coverage generated="1665388988079" clover="3.2.0">
  <project timestamp="1665388988079" name="All files">
    <metrics statements="68" coveredstatements="64" conditionals="32" coveredconditionals="26" methods="19" coveredmethods="19" elements="119" coveredelements="109" complexity="0" loc="68" ncloc="68" packages="2" files="5" classes="5"/>
    <package name="src">
      <metrics statements="26" coveredstatements="22" conditionals="18" coveredconditionals="14" methods="8" coveredmethods="8"/>
      <file name="api.js" path="/Users/javierroman/Dev/dredd-contract-testing/web/src/api.js">
        <metrics statements="16" coveredstatements="13" conditionals="8" coveredconditionals="5" methods="7" coveredmethods="7"/>
        <line num="1" count="2" type="stmt"/>
        <line num="2" count="2" type="stmt"/>
        <line num="3" count="2" type="stmt"/>
        <line num="5" count="2" type="stmt"/>
        <line num="9" count="2" type="cond" truecount="3" falsecount="1"/>
        <line num="10" count="0" type="stmt"/>
        <line num="12" count="2" type="cond" truecount="1" falsecount="1"/>
        <line num="13" count="0" type="stmt"/>
        <line num="15" count="2" type="stmt"/>
        <line num="19" count="4" type="cond" truecount="1" falsecount="1"/>
        <line num="20" count="0" type="stmt"/>
        <line num="22" count="4" type="stmt"/>
        <line num="26" count="2" type="stmt"/>
        <line num="28" count="2" type="stmt"/>
        <line num="32" count="2" type="stmt"/>
        <line num="34" count="1" type="stmt"/>
      </file>
      <file name="product.js" path="/Users/javierroman/Dev/dredd-contract-testing/web/src/product.js">
        <metrics statements="10" coveredstatements="9" conditionals="10" coveredconditionals="9" methods="1" coveredmethods="1"/>
        <line num="3" count="6" type="cond" truecount="9" falsecount="1"/>
        <line num="4" count="0" type="stmt"/>
        <line num="6" count="6" type="stmt"/>
        <line num="7" count="6" type="stmt"/>
        <line num="8" count="6" type="stmt"/>
        <line num="9" count="6" type="stmt"/>
        <line num="10" count="6" type="stmt"/>
        <line num="11" count="6" type="stmt"/>
        <line num="12" count="6" type="stmt"/>
        <line num="13" count="6" type="stmt"/>
      </file>
    </package>
    <package name="test">
      <metrics statements="42" coveredstatements="42" conditionals="14" coveredconditionals="12" methods="11" coveredmethods="11"/>
      <file name="config.js" path="/Users/javierroman/Dev/dredd-contract-testing/web/test/config.js">
        <metrics statements="2" coveredstatements="2" conditionals="0" coveredconditionals="0" methods="0" coveredmethods="0"/>
        <line num="1" count="2" type="stmt"/>
        <line num="2" count="2" type="stmt"/>
      </file>
      <file name="mountebank.js" path="/Users/javierroman/Dev/dredd-contract-testing/web/test/mountebank.js">
        <metrics statements="8" coveredstatements="8" conditionals="0" coveredconditionals="0" methods="3" coveredmethods="3"/>
        <line num="6" count="1" type="stmt"/>
        <line num="7" count="3" type="stmt"/>
        <line num="9" count="3" type="stmt"/>
        <line num="12" count="1" type="stmt"/>
        <line num="13" count="1" type="stmt"/>
        <line num="16" count="1" type="stmt"/>
        <line num="17" count="1" type="stmt"/>
        <line num="19" count="1" type="stmt"/>
      </file>
      <file name="mountebankSerialiser.js" path="/Users/javierroman/Dev/dredd-contract-testing/web/test/mountebankSerialiser.js">
        <metrics statements="32" coveredstatements="32" conditionals="14" coveredconditionals="12" methods="8" coveredmethods="8"/>
        <line num="3" count="1" type="stmt"/>
        <line num="4" count="1" type="stmt"/>
        <line num="6" count="1" type="stmt"/>
        <line num="10" count="1" type="stmt"/>
        <line num="12" count="1" type="stmt"/>
        <line num="28" count="1" type="stmt"/>
        <line num="29" count="3" type="stmt"/>
        <line num="31" count="3" type="stmt"/>
        <line num="32" count="7" type="cond" truecount="2" falsecount="0"/>
        <line num="50" count="3" type="stmt"/>
        <line num="52" count="3" type="stmt"/>
        <line num="55" count="1" type="stmt"/>
        <line num="56" count="3" type="stmt"/>
        <line num="58" count="3" type="stmt"/>
        <line num="59" count="7" type="cond" truecount="2" falsecount="0"/>
        <line num="60" count="7" type="stmt"/>
        <line num="62" count="7" type="stmt"/>
        <line num="66" count="3" type="stmt"/>
        <line num="69" count="1" type="stmt"/>
        <line num="70" count="3" type="stmt"/>
        <line num="71" count="3" type="stmt"/>
        <line num="73" count="3" type="stmt"/>
        <line num="76" count="1" type="stmt"/>
        <line num="77" count="3" type="stmt"/>
        <line num="78" count="3" type="stmt"/>
        <line num="84" count="1" type="stmt"/>
        <line num="85" count="3" type="stmt"/>
        <line num="87" count="3" type="stmt"/>
        <line num="88" count="3" type="stmt"/>
        <line num="89" count="2" type="stmt"/>
        <line num="91" count="1" type="stmt"/>
        <line num="94" count="3" type="stmt"/>
      </file>
    </package>
  </project>
</coverage>
