{"/Users/javierroman/Dev/dredd-contract-testing/web/src/api.js": {"path":"/Users/javierroman/Dev/dredd-contract-testing/web/src/api.js","statementMap":{"0":{"start":{"line":1,"column":14},"end":{"line":1,"column":30}},"1":{"start":{"line":2,"column":16},"end":{"line":2,"column":50}},"2":{"start":{"line":3,"column":20},"end":{"line":3,"column":40}},"3":{"start":{"line":5,"column":0},"end":{"line":5,"column":33}},"4":{"start":{"line":9,"column":8},"end":{"line":11,"column":9}},"5":{"start":{"line":10,"column":12},"end":{"line":10,"column":39}},"6":{"start":{"line":12,"column":8},"end":{"line":14,"column":9}},"7":{"start":{"line":13,"column":12},"end":{"line":13,"column":48}},"8":{"start":{"line":15,"column":8},"end":{"line":15,"column":23}},"9":{"start":{"line":19,"column":8},"end":{"line":21,"column":9}},"10":{"start":{"line":20,"column":12},"end":{"line":20,"column":30}},"11":{"start":{"line":22,"column":8},"end":{"line":22,"column":36}},"12":{"start":{"line":26,"column":8},"end":{"line":28,"column":60}},"13":{"start":{"line":28,"column":25},"end":{"line":28,"column":58}},"14":{"start":{"line":28,"column":43},"end":{"line":28,"column":57}},"15":{"start":{"line":32,"column":8},"end":{"line":34,"column":46}},"16":{"start":{"line":34,"column":25},"end":{"line":34,"column":44}}},"fnMap":{"0":{"name":"(anonymous_0)","decl":{"start":{"line":8,"column":4},"end":{"line":8,"column":5}},"loc":{"start":{"line":8,"column":21},"end":{"line":16,"column":5}},"line":8},"1":{"name":"(anonymous_1)","decl":{"start":{"line":18,"column":4},"end":{"line":18,"column":5}},"loc":{"start":{"line":18,"column":19},"end":{"line":23,"column":5}},"line":18},"2":{"name":"(anonymous_2)","decl":{"start":{"line":25,"column":4},"end":{"line":25,"column":5}},"loc":{"start":{"line":25,"column":27},"end":{"line":29,"column":5}},"line":25},"3":{"name":"(anonymous_3)","decl":{"start":{"line":28,"column":18},"end":{"line":28,"column":19}},"loc":{"start":{"line":28,"column":25},"end":{"line":28,"column":58}},"line":28},"4":{"name":"(anonymous_4)","decl":{"start":{"line":28,"column":36},"end":{"line":28,"column":37}},"loc":{"start":{"line":28,"column":43},"end":{"line":28,"column":57}},"line":28},"5":{"name":"(anonymous_5)","decl":{"start":{"line":31,"column":4},"end":{"line":31,"column":5}},"loc":{"start":{"line":31,"column":25},"end":{"line":35,"column":5}},"line":31},"6":{"name":"(anonymous_6)","decl":{"start":{"line":34,"column":18},"end":{"line":34,"column":19}},"loc":{"start":{"line":34,"column":25},"end":{"line":34,"column":44}},"line":34}},"branchMap":{"0":{"loc":{"start":{"line":9,"column":8},"end":{"line":11,"column":9}},"type":"if","locations":[{"start":{"line":9,"column":8},"end":{"line":11,"column":9}},{"start":{},"end":{}}],"line":9},"1":{"loc":{"start":{"line":9,"column":12},"end":{"line":9,"column":43}},"type":"binary-expr","locations":[{"start":{"line":9,"column":12},"end":{"line":9,"column":29}},{"start":{"line":9,"column":33},"end":{"line":9,"column":43}}],"line":9},"2":{"loc":{"start":{"line":12,"column":8},"end":{"line":14,"column":9}},"type":"if","locations":[{"start":{"line":12,"column":8},"end":{"line":14,"column":9}},{"start":{},"end":{}}],"line":12},"3":{"loc":{"start":{"line":19,"column":8},"end":{"line":21,"column":9}},"type":"if","locations":[{"start":{"line":19,"column":8},"end":{"line":21,"column":9}},{"start":{},"end":{}}],"line":19}},"s":{"0":2,"1":2,"2":2,"3":2,"4":2,"5":0,"6":2,"7":0,"8":2,"9":4,"10":0,"11":4,"12":2,"13":2,"14":2,"15":2,"16":1},"f":{"0":2,"1":4,"2":2,"3":2,"4":2,"5":2,"6":1},"b":{"0":[0,2],"1":[2,2],"2":[0,2],"3":[0,4]},"_coverageSchema":"1a1c01bbd47fc00a2c39e90264f33305004495a9","hash":"621a2d5003d1b671aef3a154e36d4dacb91433e8"}
,"/Users/javierroman/Dev/dredd-contract-testing/web/src/product.js": {"path":"/Users/javierroman/Dev/dredd-contract-testing/web/src/product.js","statementMap":{"0":{"start":{"line":3,"column":8},"end":{"line":5,"column":9}},"1":{"start":{"line":4,"column":12},"end":{"line":4,"column":112}},"2":{"start":{"line":6,"column":8},"end":{"line":6,"column":20}},"3":{"start":{"line":7,"column":8},"end":{"line":7,"column":22}},"4":{"start":{"line":8,"column":8},"end":{"line":8,"column":26}},"5":{"start":{"line":9,"column":8},"end":{"line":9,"column":32}},"6":{"start":{"line":10,"column":8},"end":{"line":10,"column":24}},"7":{"start":{"line":11,"column":8},"end":{"line":11,"column":34}},"8":{"start":{"line":12,"column":8},"end":{"line":12,"column":34}},"9":{"start":{"line":13,"column":8},"end":{"line":13,"column":34}}},"fnMap":{"0":{"name":"(anonymous_0)","decl":{"start":{"line":2,"column":4},"end":{"line":2,"column":5}},"loc":{"start":{"line":2,"column":83},"end":{"line":14,"column":5}},"line":2}},"branchMap":{"0":{"loc":{"start":{"line":3,"column":8},"end":{"line":5,"column":9}},"type":"if","locations":[{"start":{"line":3,"column":8},"end":{"line":5,"column":9}},{"start":{},"end":{}}],"line":3},"1":{"loc":{"start":{"line":3,"column":12},"end":{"line":3,"column":97}},"type":"binary-expr","locations":[{"start":{"line":3,"column":12},"end":{"line":3,"column":15}},{"start":{"line":3,"column":19},"end":{"line":3,"column":23}},{"start":{"line":3,"column":27},"end":{"line":3,"column":33}},{"start":{"line":3,"column":37},"end":{"line":3,"column":46}},{"start":{"line":3,"column":50},"end":{"line":3,"column":55}},{"start":{"line":3,"column":59},"end":{"line":3,"column":69}},{"start":{"line":3,"column":73},"end":{"line":3,"column":83}},{"start":{"line":3,"column":87},"end":{"line":3,"column":97}}],"line":3}},"s":{"0":6,"1":0,"2":6,"3":6,"4":6,"5":6,"6":6,"7":6,"8":6,"9":6},"f":{"0":6},"b":{"0":[0,6],"1":[6,6,6,6,6,6,6,6]},"_coverageSchema":"1a1c01bbd47fc00a2c39e90264f33305004495a9","hash":"4ee43412f4c3b4b3a339c85ed7c008beb2ebf2b1"}
,"/Users/javierroman/Dev/dredd-contract-testing/web/test/config.js": {"path":"/Users/javierroman/Dev/dredd-contract-testing/web/test/config.js","statementMap":{"0":{"start":{"line":1,"column":22},"end":{"line":1,"column":26}},"1":{"start":{"line":2,"column":28},"end":{"line":2,"column":32}}},"fnMap":{},"branchMap":{},"s":{"0":2,"1":2},"f":{},"b":{},"_coverageSchema":"1a1c01bbd47fc00a2c39e90264f33305004495a9","hash":"61efc4faa625d93cc53cbf41ca5d83064608a76e"}
,"/Users/javierroman/Dev/dredd-contract-testing/web/test/mountebank.js": {"path":"/Users/javierroman/Dev/dredd-contract-testing/web/test/mountebank.js","statementMap":{"0":{"start":{"line":6,"column":26},"end":{"line":10,"column":1}},"1":{"start":{"line":7,"column":21},"end":{"line":7,"column":47}},"2":{"start":{"line":9,"column":4},"end":{"line":9,"column":30}},"3":{"start":{"line":12,"column":25},"end":{"line":14,"column":1}},"4":{"start":{"line":13,"column":4},"end":{"line":13,"column":31}},"5":{"start":{"line":16,"column":34},"end":{"line":24,"column":1}},"6":{"start":{"line":17,"column":4},"end":{"line":17,"column":48}},"7":{"start":{"line":19,"column":4},"end":{"line":23,"column":7}}},"fnMap":{"0":{"name":"(anonymous_0)","decl":{"start":{"line":6,"column":26},"end":{"line":6,"column":27}},"loc":{"start":{"line":6,"column":46},"end":{"line":10,"column":1}},"line":6},"1":{"name":"(anonymous_1)","decl":{"start":{"line":12,"column":25},"end":{"line":12,"column":26}},"loc":{"start":{"line":12,"column":31},"end":{"line":14,"column":1}},"line":12},"2":{"name":"(anonymous_2)","decl":{"start":{"line":16,"column":34},"end":{"line":16,"column":35}},"loc":{"start":{"line":16,"column":40},"end":{"line":24,"column":1}},"line":16}},"branchMap":{},"s":{"0":1,"1":3,"2":3,"3":1,"4":1,"5":1,"6":1,"7":1},"f":{"0":3,"1":1,"2":1},"b":{},"_coverageSchema":"1a1c01bbd47fc00a2c39e90264f33305004495a9","hash":"3410380ebf2b3087eee828a867ad1db82c317cfa"}
,"/Users/javierroman/Dev/dredd-contract-testing/web/test/mountebankSerialiser.js": {"path":"/Users/javierroman/Dev/dredd-contract-testing/web/test/mountebankSerialiser.js","statementMap":{"0":{"start":{"line":3,"column":20},"end":{"line":3,"column":43}},"1":{"start":{"line":4,"column":17},"end":{"line":4,"column":35}},"2":{"start":{"line":6,"column":17},"end":{"line":8,"column":7}},"3":{"start":{"line":10,"column":14},"end":{"line":10,"column":40}},"4":{"start":{"line":12,"column":20},"end":{"line":25,"column":1}},"5":{"start":{"line":28,"column":31},"end":{"line":53,"column":1}},"6":{"start":{"line":29,"column":17},"end":{"line":29,"column":40}},"7":{"start":{"line":31,"column":20},"end":{"line":48,"column":6}},"8":{"start":{"line":32,"column":8},"end":{"line":47,"column":12}},"9":{"start":{"line":32,"column":56},"end":{"line":47,"column":9}},"10":{"start":{"line":50,"column":4},"end":{"line":50,"column":66}},"11":{"start":{"line":52,"column":4},"end":{"line":52,"column":20}},"12":{"start":{"line":55,"column":25},"end":{"line":67,"column":1}},"13":{"start":{"line":56,"column":21},"end":{"line":56,"column":23}},"14":{"start":{"line":58,"column":4},"end":{"line":63,"column":11}},"15":{"start":{"line":59,"column":8},"end":{"line":59,"column":69}},"16":{"start":{"line":59,"column":48},"end":{"line":59,"column":69}},"17":{"start":{"line":60,"column":8},"end":{"line":60,"column":48}},"18":{"start":{"line":62,"column":8},"end":{"line":62,"column":18}},"19":{"start":{"line":66,"column":4},"end":{"line":66,"column":15}},"20":{"start":{"line":69,"column":18},"end":{"line":74,"column":1}},"21":{"start":{"line":70,"column":4},"end":{"line":70,"column":20}},"22":{"start":{"line":71,"column":22},"end":{"line":71,"column":44}},"23":{"start":{"line":73,"column":4},"end":{"line":73,"column":58}},"24":{"start":{"line":76,"column":22},"end":{"line":82,"column":1}},"25":{"start":{"line":77,"column":4},"end":{"line":81,"column":5}},"26":{"start":{"line":78,"column":8},"end":{"line":78,"column":32}},"27":{"start":{"line":84,"column":30},"end":{"line":95,"column":1}},"28":{"start":{"line":85,"column":15},"end":{"line":85,"column":17}},"29":{"start":{"line":87,"column":4},"end":{"line":92,"column":5}},"30":{"start":{"line":88,"column":20},"end":{"line":88,"column":45}},"31":{"start":{"line":89,"column":8},"end":{"line":89,"column":48}},"32":{"start":{"line":91,"column":8},"end":{"line":91,"column":27}},"33":{"start":{"line":94,"column":4},"end":{"line":94,"column":16}}},"fnMap":{"0":{"name":"(anonymous_0)","decl":{"start":{"line":28,"column":31},"end":{"line":28,"column":32}},"loc":{"start":{"line":28,"column":46},"end":{"line":53,"column":1}},"line":28},"1":{"name":"(anonymous_1)","decl":{"start":{"line":31,"column":40},"end":{"line":31,"column":41}},"loc":{"start":{"line":31,"column":54},"end":{"line":48,"column":5}},"line":31},"2":{"name":"(anonymous_2)","decl":{"start":{"line":32,"column":44},"end":{"line":32,"column":45}},"loc":{"start":{"line":32,"column":56},"end":{"line":47,"column":9}},"line":32},"3":{"name":"(anonymous_3)","decl":{"start":{"line":55,"column":25},"end":{"line":55,"column":26}},"loc":{"start":{"line":55,"column":35},"end":{"line":67,"column":1}},"line":55},"4":{"name":"(anonymous_4)","decl":{"start":{"line":58,"column":49},"end":{"line":58,"column":50}},"loc":{"start":{"line":58,"column":71},"end":{"line":63,"column":5}},"line":58},"5":{"name":"(anonymous_5)","decl":{"start":{"line":69,"column":18},"end":{"line":69,"column":19}},"loc":{"start":{"line":69,"column":28},"end":{"line":74,"column":1}},"line":69},"6":{"name":"(anonymous_6)","decl":{"start":{"line":76,"column":22},"end":{"line":76,"column":23}},"loc":{"start":{"line":76,"column":28},"end":{"line":82,"column":1}},"line":76},"7":{"name":"(anonymous_7)","decl":{"start":{"line":84,"column":30},"end":{"line":84,"column":31}},"loc":{"start":{"line":84,"column":36},"end":{"line":95,"column":1}},"line":84}},"branchMap":{"0":{"loc":{"start":{"line":7,"column":4},"end":{"line":7,"column":41}},"type":"binary-expr","locations":[{"start":{"line":7,"column":4},"end":{"line":7,"column":29}},{"start":{"line":7,"column":33},"end":{"line":7,"column":41}}],"line":7},"1":{"loc":{"start":{"line":14,"column":22},"end":{"line":14,"column":59}},"type":"binary-expr","locations":[{"start":{"line":14,"column":22},"end":{"line":14,"column":47}},{"start":{"line":14,"column":51},"end":{"line":14,"column":59}}],"line":14},"2":{"loc":{"start":{"line":32,"column":16},"end":{"line":32,"column":38}},"type":"binary-expr","locations":[{"start":{"line":32,"column":16},"end":{"line":32,"column":32}},{"start":{"line":32,"column":36},"end":{"line":32,"column":38}}],"line":32},"3":{"loc":{"start":{"line":37,"column":22},"end":{"line":37,"column":85}},"type":"cond-expr","locations":[{"start":{"line":37,"column":43},"end":{"line":37,"column":73}},{"start":{"line":37,"column":76},"end":{"line":37,"column":85}}],"line":37},"4":{"loc":{"start":{"line":38,"column":23},"end":{"line":38,"column":108}},"type":"cond-expr","locations":[{"start":{"line":38,"column":45},"end":{"line":38,"column":96}},{"start":{"line":38,"column":99},"end":{"line":38,"column":108}}],"line":38},"5":{"loc":{"start":{"line":44,"column":22},"end":{"line":44,"column":87}},"type":"cond-expr","locations":[{"start":{"line":44,"column":44},"end":{"line":44,"column":75}},{"start":{"line":44,"column":78},"end":{"line":44,"column":87}}],"line":44},"6":{"loc":{"start":{"line":59,"column":8},"end":{"line":59,"column":69}},"type":"if","locations":[{"start":{"line":59,"column":8},"end":{"line":59,"column":69}},{"start":{},"end":{}}],"line":59}},"s":{"0":1,"1":1,"2":1,"3":1,"4":1,"5":1,"6":3,"7":3,"8":7,"9":4,"10":3,"11":3,"12":1,"13":3,"14":3,"15":7,"16":6,"17":7,"18":7,"19":3,"20":1,"21":3,"22":3,"23":3,"24":1,"25":3,"26":3,"27":1,"28":3,"29":3,"30":3,"31":2,"32":1,"33":3},"f":{"0":3,"1":7,"2":4,"3":3,"4":7,"5":3,"6":3,"7":3},"b":{"0":[1,1],"1":[1,1],"2":[7,3],"3":[0,4],"4":[4,0],"5":[3,1],"6":[6,1]},"_coverageSchema":"1a1c01bbd47fc00a2c39e90264f33305004495a9","hash":"81c1224534f4d8cb91e2eb2ec266d80e49e1d9f7"}
}
